Using pre-set license
Built from '2020.3/staging' branch; Version is '2020.3.33f1 (915a7af8b0d5) revision 9525882'; Using compiler version '192528614'; Build Type 'Release'
OS: 'Windows 10  (10.0.19043) 64bit Professional' Language: 'fr' Physical Memory: 32714 MB
BatchMode: 1, IsHumanControllingUs: 0, StartBugReporterOnCrash: 0, Is64bit: 1, IsPro: 0

COMMAND LINE ARGUMENTS:
E:\unity\2020.3.33f1\Editor\Unity.exe
-adb2
-batchMode
-noUpm
-name
AssetImportWorker0
-projectPath
C:/Users/Remy/Documents/GitHub/SimpleScripts/SimpleScripts
-logFile
Logs/AssetImportWorker0.log
-srvPort
62192
Successfully changed project path to: C:/Users/Remy/Documents/GitHub/SimpleScripts/SimpleScripts
C:/Users/Remy/Documents/GitHub/SimpleScripts/SimpleScripts
Using Asset Import Pipeline V2.
Refreshing native plugins compatible for Editor in 33.86 ms, found 2 plugins.
Preloading 0 native plugins for Editor in 0.00 ms.
Initialize engine version: 2020.3.33f1 (915a7af8b0d5)
[Subsystems] Discovering subsystems at path E:/unity/2020.3.33f1/Editor/Data/Resources/UnitySubsystems
[Subsystems] Discovering subsystems at path C:/Users/Remy/Documents/GitHub/SimpleScripts/SimpleScripts/Assets
GfxDevice: creating device client; threaded=0
Direct3D:
    Version:  Direct3D 11.0 [level 11.1]
    Renderer: NVIDIA GeForce RTX 2070 (ID=0x1f07)
    Vendor:   
    VRAM:     8031 MB
    Driver:   30.0.15.1215
Initialize mono
Mono path[0] = 'E:/unity/2020.3.33f1/Editor/Data/Managed'
Mono path[1] = 'E:/unity/2020.3.33f1/Editor/Data/MonoBleedingEdge/lib/mono/unityjit'
Mono config path = 'E:/unity/2020.3.33f1/Editor/Data/MonoBleedingEdge/etc'
Using monoOptions --debugger-agent=transport=dt_socket,embedding=1,server=y,suspend=n,address=127.0.0.1:56936
Begin MonoManager ReloadAssembly
Registering precompiled unity dll's ...
Register platform support module: E:/unity/2020.3.33f1/Editor/Data/PlaybackEngines/WindowsStandaloneSupport/UnityEditor.WindowsStandalone.Extensions.dll
Registered in 0.001259 seconds.
Native extension for WindowsStandalone target not found
Refreshing native plugins compatible for Editor in 32.13 ms, found 2 plugins.
Preloading 0 native plugins for Editor in 0.00 ms.
Mono: successfully reloaded assembly
- Completed reload, in  0.577 seconds
Domain Reload Profiling:
	ReloadAssembly (577ms)
		BeginReloadAssembly (64ms)
			ExecutionOrderSort (0ms)
			DisableScriptedObjects (0ms)
			BackupInstance (0ms)
			ReleaseScriptingObjects (0ms)
			CreateAndSetChildDomain (1ms)
		EndReloadAssembly (445ms)
			LoadAssemblies (63ms)
			RebuildTransferFunctionScriptingTraits (0ms)
			SetupTypeCache (153ms)
			ReleaseScriptCaches (0ms)
			RebuildScriptCaches (28ms)
			SetupLoadedEditorAssemblies (160ms)
				LogAssemblyErrors (0ms)
				InitializePlatformSupportModulesInManaged (4ms)
				SetLoadedEditorAssemblies (0ms)
				RefreshPlugins (32ms)
				BeforeProcessingInitializeOnLoad (17ms)
				ProcessInitializeOnLoadAttributes (79ms)
				ProcessInitializeOnLoadMethodAttributes (28ms)
				AfterProcessingInitializeOnLoad (0ms)
				EditorAssembliesLoaded (0ms)
			ExecutionOrderSort2 (0ms)
			AwakeInstancesAfterBackupRestoration (0ms)
Platform modules already initialized, skipping
Registering precompiled user dll's ...
Registered in 0.004171 seconds.
Begin MonoManager ReloadAssembly
Symbol file LoadedFromMemory doesn't match image C:\Users\Remy\Documents\GitHub\SimpleScripts\SimpleScripts\Library\PackageCache\com.unity.collab-proxy@1.15.15\Lib\Editor\PlasticSCM\unityplastic.dll
Native extension for WindowsStandalone target not found
Refreshing native plugins compatible for Editor in 0.35 ms, found 2 plugins.
Preloading 0 native plugins for Editor in 0.00 ms.
Mono: successfully reloaded assembly
- Completed reload, in  0.973 seconds
Domain Reload Profiling:
	ReloadAssembly (974ms)
		BeginReloadAssembly (147ms)
			ExecutionOrderSort (0ms)
			DisableScriptedObjects (5ms)
			BackupInstance (0ms)
			ReleaseScriptingObjects (0ms)
			CreateAndSetChildDomain (18ms)
		EndReloadAssembly (769ms)
			LoadAssemblies (95ms)
			RebuildTransferFunctionScriptingTraits (0ms)
			SetupTypeCache (265ms)
			ReleaseScriptCaches (0ms)
			RebuildScriptCaches (39ms)
			SetupLoadedEditorAssemblies (285ms)
				LogAssemblyErrors (0ms)
				InitializePlatformSupportModulesInManaged (4ms)
				SetLoadedEditorAssemblies (0ms)
				RefreshPlugins (0ms)
				BeforeProcessingInitializeOnLoad (75ms)
				ProcessInitializeOnLoadAttributes (193ms)
				ProcessInitializeOnLoadMethodAttributes (9ms)
				AfterProcessingInitializeOnLoad (3ms)
				EditorAssembliesLoaded (0ms)
			ExecutionOrderSort2 (0ms)
			AwakeInstancesAfterBackupRestoration (7ms)
Platform modules already initialized, skipping
========================================================================
Worker process is ready to serve import requests
Launched and connected shader compiler UnityShaderCompiler.exe after 0.05 seconds
Refreshing native plugins compatible for Editor in 0.34 ms, found 2 plugins.
Preloading 0 native plugins for Editor in 0.00 ms.
Unloading 1525 Unused Serialized files (Serialized files now loaded: 0)
System memory in use before: 70.2 MB.
System memory in use after: 70.2 MB.

Unloading 16 unused Assets to reduce memory usage. Loaded Objects now: 1961.
Total: 2.821500 ms (FindLiveObjects: 0.148100 ms CreateObjectMapping: 0.033700 ms MarkObjects: 2.431200 ms  DeleteObjects: 0.207600 ms)

AssetImportParameters requested are different than current active one (requested -> active):
  custom:framework-win-MediaFoundation: 216162199b28c13a410421893ffa2e32 -> 
  custom:video-decoder-ogg-theora: a1e56fd34408186e4bbccfd4996cb3dc -> 
  custom:container-muxer-webm: aa71ff27fc2769a1b78a27578f13a17b -> 
  custom:container-demuxer-webm: 4f35f7cbe854078d1ac9338744f61a02 -> 
  custom:container-demuxer-ogg: 62fdf1f143b41e24485cea50d1cbac27 -> 
  custom:video-encoder-webm-vp8: eb34c28f22e8b96e1ab97ce403110664 -> 
  custom:video-decoder-webm-vp8: 9c59270c3fd7afecdb556c50c9e8de78 -> 
  custom:audio-decoder-ogg-vorbis: bf7c407c2cedff20999df2af8eb42d56 -> 
  custom:audio-encoder-webm-vorbis: bf7c407c2cedff20999df2af8eb42d56 -> 
========================================================================
Received Import Request.
  path: Assets/Script
  artifactKey: Guid(dd67de3d84f2dff4986de4f2f5d22791) Importer(815301076,1909f56bfc062723c751e8b465ee728b)
Start importing Assets/Script using Guid(dd67de3d84f2dff4986de4f2f5d22791) Importer(815301076,1909f56bfc062723c751e8b465ee728b)  -> (artifact id: '01d9ac2c680bb3d1145015058d08a2ab') in 0.005658 seconds 
========================================================================
Received Import Request.
  Time since last request: 1.161368 seconds.
  path: Assets/Materials
  artifactKey: Guid(9ea4157866fef7c43820eb6c4ff88135) Importer(815301076,1909f56bfc062723c751e8b465ee728b)
Start importing Assets/Materials using Guid(9ea4157866fef7c43820eb6c4ff88135) Importer(815301076,1909f56bfc062723c751e8b465ee728b)  -> (artifact id: '8f088755b761227fde469194186ca06c') in 0.003306 seconds 
========================================================================
Received Import Request.
  Time since last request: 1.377900 seconds.
  path: Assets/Materials/PrototypeMaterials
  artifactKey: Guid(6a2861bb1fc2bf549863c6fc8bd13f3b) Importer(815301076,1909f56bfc062723c751e8b465ee728b)
Start importing Assets/Materials/PrototypeMaterials using Guid(6a2861bb1fc2bf549863c6fc8bd13f3b) Importer(815301076,1909f56bfc062723c751e8b465ee728b)  -> (artifact id: '248334f9ee5cf29879f7f78613cfee1a') in 0.003239 seconds 
========================================================================
Received Import Request.
  Time since last request: 1.226921 seconds.
  path: Assets/Materials/PrototypeMaterials/Materials
  artifactKey: Guid(399cff2d68318a946838ccb784ef4c77) Importer(815301076,1909f56bfc062723c751e8b465ee728b)
Start importing Assets/Materials/PrototypeMaterials/Materials using Guid(399cff2d68318a946838ccb784ef4c77) Importer(815301076,1909f56bfc062723c751e8b465ee728b)  -> (artifact id: 'ba28dd3aa94bccf72b13912fb42be138') in 0.002848 seconds 
========================================================================
Received Import Request.
  Time since last request: 0.522505 seconds.
  path: Assets/Materials/PrototypeMaterials/Materials/Standard
  artifactKey: Guid(5b101da68e9261049841c73c48f7a8d9) Importer(815301076,1909f56bfc062723c751e8b465ee728b)
Start importing Assets/Materials/PrototypeMaterials/Materials/Standard using Guid(5b101da68e9261049841c73c48f7a8d9) Importer(815301076,1909f56bfc062723c751e8b465ee728b)  -> (artifact id: '41c79e3c2fae3e44a22e91d1ede4d049') in 0.003224 seconds 
========================================================================
Received Import Request.
  Time since last request: 7.453162 seconds.
  path: Assets/Materials/PrototypeMaterials/Textures
  artifactKey: Guid(c40ab282904050149a8f559c4a28bc5d) Importer(815301076,1909f56bfc062723c751e8b465ee728b)
Start importing Assets/Materials/PrototypeMaterials/Textures using Guid(c40ab282904050149a8f559c4a28bc5d) Importer(815301076,1909f56bfc062723c751e8b465ee728b)  -> (artifact id: '8930c6817f63f990b5729a9e0d1efbc9') in 0.003424 seconds 
========================================================================
Received Import Request.
  Time since last request: 0.548770 seconds.
  path: Assets/Materials/PrototypeMaterials/Textures/prototype_512x512_blue1.png
  artifactKey: Guid(44cced520ecfd9f4292979a4fe8268c4) Importer(815301076,1909f56bfc062723c751e8b465ee728b)
Start importing Assets/Materials/PrototypeMaterials/Textures/prototype_512x512_blue1.png using Guid(44cced520ecfd9f4292979a4fe8268c4) Importer(815301076,1909f56bfc062723c751e8b465ee728b)  -> (artifact id: '0feed1373a533558b3b2cefda38eb597') in 0.064897 seconds 
========================================================================
Received Import Request.
  Time since last request: 4.663337 seconds.
  path: Assets/Materials/Normal
  artifactKey: Guid(a7d0ad72dfbacb7448c4c24f20f065a5) Importer(815301076,1909f56bfc062723c751e8b465ee728b)
Start importing Assets/Materials/Normal using Guid(a7d0ad72dfbacb7448c4c24f20f065a5) Importer(815301076,1909f56bfc062723c751e8b465ee728b)  -> (artifact id: '277581f9b4dbf5740cb22310ecdc7344') in 0.002925 seconds 
========================================================================
Received Import Request.
  Time since last request: 4.706709 seconds.
  path: Assets/Terrain
  artifactKey: Guid(c81bec2a880512e4493b9e6c2a36bf98) Importer(815301076,1909f56bfc062723c751e8b465ee728b)
Start importing Assets/Terrain using Guid(c81bec2a880512e4493b9e6c2a36bf98) Importer(815301076,1909f56bfc062723c751e8b465ee728b)  -> (artifact id: 'd67bd626acba4a7284d3dddacde6dd4d') in 0.002894 seconds 
========================================================================
Received Import Request.
  Time since last request: 1.104210 seconds.
  path: Assets/Terrain/Cliff.terrainlayer
  artifactKey: Guid(7ee2c38e84e9c534cbf75ed618359451) Importer(815301076,1909f56bfc062723c751e8b465ee728b)
Start importing Assets/Terrain/Cliff.terrainlayer using Guid(7ee2c38e84e9c534cbf75ed618359451) Importer(815301076,1909f56bfc062723c751e8b465ee728b)  -> (artifact id: 'af1c587e06b7f752b79704d5746523dc') in 0.038665 seconds 
========================================================================
Received Import Request.
  Time since last request: 0.000225 seconds.
  path: Assets/Terrain/Cliff Rock 01_1K_Base Color.png
  artifactKey: Guid(79dd8d29935f4e94eb603acff471bd0c) Importer(815301076,1909f56bfc062723c751e8b465ee728b)
Start importing Assets/Terrain/Cliff Rock 01_1K_Base Color.png using Guid(79dd8d29935f4e94eb603acff471bd0c) Importer(815301076,1909f56bfc062723c751e8b465ee728b)  -> (artifact id: 'b757c2f8605b5270f58c461db2e15116') in 0.011727 seconds 
========================================================================
Received Import Request.
  Time since last request: 0.589270 seconds.
  path: Assets/Terrain/Ground.terrainlayer
  artifactKey: Guid(ec2b1279423e9344cb43348e6f82e0dd) Importer(815301076,1909f56bfc062723c751e8b465ee728b)
Start importing Assets/Terrain/Ground.terrainlayer using Guid(ec2b1279423e9344cb43348e6f82e0dd) Importer(815301076,1909f56bfc062723c751e8b465ee728b)  -> (artifact id: '4bf13c2399c90563a862af6953af638c') in 0.014980 seconds 
========================================================================
Received Import Request.
  Time since last request: 0.000247 seconds.
  path: Assets/Terrain/Mossy Clif Rock 01_1K_Base Color.png
  artifactKey: Guid(44f61acca260c4742835aac321e536f0) Importer(815301076,1909f56bfc062723c751e8b465ee728b)
Start importing Assets/Terrain/Mossy Clif Rock 01_1K_Base Color.png using Guid(44f61acca260c4742835aac321e536f0) Importer(815301076,1909f56bfc062723c751e8b465ee728b)  -> (artifact id: '82e1abc63f2f643954b55f17922e94b9') in 0.009990 seconds 
========================================================================
Received Import Request.
  Time since last request: 3.551756 seconds.
  path: Assets/Script/CycleJourNuit{Francais}
  artifactKey: Guid(fe61905d1566f224882849e26c8ace15) Importer(815301076,1909f56bfc062723c751e8b465ee728b)
Start importing Assets/Script/CycleJourNuit{Francais} using Guid(fe61905d1566f224882849e26c8ace15) Importer(815301076,1909f56bfc062723c751e8b465ee728b)  -> (artifact id: 'a9b8ec6b4a1e4f3f5e3543535da353c0') in 0.002968 seconds 
========================================================================
Received Import Request.
  Time since last request: 1.026312 seconds.
  path: Assets/Script/CycleJourNuit{Francais}/CycleJourNuit.unity
  artifactKey: Guid(b5ea22b261d7a3e40affcc990934de7e) Importer(815301076,1909f56bfc062723c751e8b465ee728b)
Start importing Assets/Script/CycleJourNuit{Francais}/CycleJourNuit.unity using Guid(b5ea22b261d7a3e40affcc990934de7e) Importer(815301076,1909f56bfc062723c751e8b465ee728b)  -> (artifact id: '666323594226498e9e78f761aeb25e54') in 0.002941 seconds 
========================================================================
Received Import Request.
  Time since last request: 1.741529 seconds.
  path: Assets/Script/CycleJourNuit{Francais}/Sample
  artifactKey: Guid(5ffb13a6d18ed2c4499b388fa669116f) Importer(815301076,1909f56bfc062723c751e8b465ee728b)
Start importing Assets/Script/CycleJourNuit{Francais}/Sample using Guid(5ffb13a6d18ed2c4499b388fa669116f) Importer(815301076,1909f56bfc062723c751e8b465ee728b)  -> (artifact id: '63694f2fef6fc2a7899a26960eef8c45') in 0.002987 seconds 
========================================================================
Received Prepare
Registering precompiled user dll's ...
Registered in 0.004331 seconds.
Begin MonoManager ReloadAssembly
Symbol file LoadedFromMemory doesn't match image C:\Users\Remy\Documents\GitHub\SimpleScripts\SimpleScripts\Library\PackageCache\com.unity.collab-proxy@1.15.15\Lib\Editor\PlasticSCM\unityplastic.dll
Native extension for WindowsStandalone target not found
Refreshing native plugins compatible for Editor in 0.40 ms, found 2 plugins.
Preloading 0 native plugins for Editor in 0.00 ms.
Mono: successfully reloaded assembly
- Completed reload, in  0.882 seconds
Domain Reload Profiling:
	ReloadAssembly (883ms)
		BeginReloadAssembly (106ms)
			ExecutionOrderSort (0ms)
			DisableScriptedObjects (4ms)
			BackupInstance (0ms)
			ReleaseScriptingObjects (0ms)
			CreateAndSetChildDomain (30ms)
		EndReloadAssembly (720ms)
			LoadAssemblies (91ms)
			RebuildTransferFunctionScriptingTraits (0ms)
			SetupTypeCache (248ms)
			ReleaseScriptCaches (1ms)
			RebuildScriptCaches (34ms)
			SetupLoadedEditorAssemblies (264ms)
				LogAssemblyErrors (0ms)
				InitializePlatformSupportModulesInManaged (4ms)
				SetLoadedEditorAssemblies (0ms)
				RefreshPlugins (1ms)
				BeforeProcessingInitializeOnLoad (69ms)
				ProcessInitializeOnLoadAttributes (177ms)
				ProcessInitializeOnLoadMethodAttributes (9ms)
				AfterProcessingInitializeOnLoad (3ms)
				EditorAssembliesLoaded (0ms)
			ExecutionOrderSort2 (0ms)
			AwakeInstancesAfterBackupRestoration (6ms)
Platform modules already initialized, skipping
Refreshing native plugins compatible for Editor in 0.35 ms, found 2 plugins.
Preloading 0 native plugins for Editor in 0.00 ms.
Unloading 1519 Unused Serialized files (Serialized files now loaded: 0)
System memory in use before: 73.1 MB.
System memory in use after: 73.2 MB.

Unloading 11 unused Assets to reduce memory usage. Loaded Objects now: 1969.
Total: 2.587700 ms (FindLiveObjects: 0.132700 ms CreateObjectMapping: 0.037400 ms MarkObjects: 2.398900 ms  DeleteObjects: 0.017800 ms)

AssetImportParameters requested are different than current active one (requested -> active):
  custom:framework-win-MediaFoundation: 216162199b28c13a410421893ffa2e32 -> 
  custom:video-decoder-ogg-theora: a1e56fd34408186e4bbccfd4996cb3dc -> 
  custom:container-muxer-webm: aa71ff27fc2769a1b78a27578f13a17b -> 
  custom:container-demuxer-webm: 4f35f7cbe854078d1ac9338744f61a02 -> 
  custom:container-demuxer-ogg: 62fdf1f143b41e24485cea50d1cbac27 -> 
  custom:video-encoder-webm-vp8: eb34c28f22e8b96e1ab97ce403110664 -> 
  custom:video-decoder-webm-vp8: 9c59270c3fd7afecdb556c50c9e8de78 -> 
  custom:audio-decoder-ogg-vorbis: bf7c407c2cedff20999df2af8eb42d56 -> 
  custom:audio-encoder-webm-vorbis: bf7c407c2cedff20999df2af8eb42d56 -> 
========================================================================
Received Import Request.
  Time since last request: 63.707271 seconds.
  path: Assets/Script/Formule Drake
  artifactKey: Guid(f3e75735f51b7d94e892af68ebbb85cd) Importer(815301076,1909f56bfc062723c751e8b465ee728b)
Start importing Assets/Script/Formule Drake using Guid(f3e75735f51b7d94e892af68ebbb85cd) Importer(815301076,1909f56bfc062723c751e8b465ee728b)  -> (artifact id: 'd36ab5c7ad044012e65d0d6625faea0e') in 0.005776 seconds 
========================================================================
Received Import Request.
  Time since last request: 0.858492 seconds.
  path: Assets/Script/Formule Drake/FormulaDrake.unity
  artifactKey: Guid(7e122d115236f404db64845bf342c3e9) Importer(815301076,1909f56bfc062723c751e8b465ee728b)
Start importing Assets/Script/Formule Drake/FormulaDrake.unity using Guid(7e122d115236f404db64845bf342c3e9) Importer(815301076,1909f56bfc062723c751e8b465ee728b)  -> (artifact id: 'cd72bce783fb061cd578f3a725c83cb6') in 0.003017 seconds 
========================================================================
Received Import Request.
  Time since last request: 31.299814 seconds.
  path: Assets/Script/Homing+pool
  artifactKey: Guid(85322c037f2335c4ebe56bef004893a7) Importer(815301076,1909f56bfc062723c751e8b465ee728b)
Start importing Assets/Script/Homing+pool using Guid(85322c037f2335c4ebe56bef004893a7) Importer(815301076,1909f56bfc062723c751e8b465ee728b)  -> (artifact id: '9295188c116e164cd4b9b7f298c87378') in 0.003036 seconds 
========================================================================
Received Import Request.
  Time since last request: 0.993223 seconds.
  path: Assets/Script/Homing+pool/Homing.unity
  artifactKey: Guid(3c742da5fcea0534d91072ac6e4c55f8) Importer(815301076,1909f56bfc062723c751e8b465ee728b)
Start importing Assets/Script/Homing+pool/Homing.unity using Guid(3c742da5fcea0534d91072ac6e4c55f8) Importer(815301076,1909f56bfc062723c751e8b465ee728b)  -> (artifact id: '1f2176c19195b3321fb75305785b882b') in 0.002953 seconds 
========================================================================
Received Import Request.
  Time since last request: 52.891977 seconds.
  path: Assets/Script/Homing+pool/Prefab
  artifactKey: Guid(9525c5495084b1b43bf53e6a4e300ad6) Importer(815301076,1909f56bfc062723c751e8b465ee728b)
Start importing Assets/Script/Homing+pool/Prefab using Guid(9525c5495084b1b43bf53e6a4e300ad6) Importer(815301076,1909f56bfc062723c751e8b465ee728b)  -> (artifact id: '229c5199542cda61b99744fa9bc0de67') in 0.003048 seconds 
========================================================================
Received Import Request.
  Time since last request: 0.814469 seconds.
  path: Assets/Script/Homing+pool/Prefab/Explosion.prefab
  artifactKey: Guid(596d658a7e2a0694083e2533c46cb84c) Importer(815301076,1909f56bfc062723c751e8b465ee728b)
Start importing Assets/Script/Homing+pool/Prefab/Explosion.prefab using Guid(596d658a7e2a0694083e2533c46cb84c) Importer(815301076,1909f56bfc062723c751e8b465ee728b)  -> (artifact id: '1d51c14ca659e985b2fc20c04b986da2') in 0.106403 seconds 
========================================================================
Received Import Request.
  Time since last request: 0.638718 seconds.
  path: Assets/Script/Homing+pool/Prefab/Missile.prefab
  artifactKey: Guid(3031b89bd7e1c5642814342d5f790993) Importer(815301076,1909f56bfc062723c751e8b465ee728b)
Start importing Assets/Script/Homing+pool/Prefab/Missile.prefab using Guid(3031b89bd7e1c5642814342d5f790993) Importer(815301076,1909f56bfc062723c751e8b465ee728b)  -> (artifact id: '347ef8d11bc9767e28c306ae61c91f70') in 0.014474 seconds 
========================================================================
Received Import Request.
  Time since last request: 3.895403 seconds.
  path: Assets/Script/Other
  artifactKey: Guid(4cb4d3ad98f349e4abe22a4216cac395) Importer(815301076,1909f56bfc062723c751e8b465ee728b)
Start importing Assets/Script/Other using Guid(4cb4d3ad98f349e4abe22a4216cac395) Importer(815301076,1909f56bfc062723c751e8b465ee728b)  -> (artifact id: 'cad0595e3212acc4286f3d8f1df10b80') in 0.003045 seconds 
========================================================================
Received Import Request.
  Time since last request: 0.833235 seconds.
  path: Assets/Script/Other/Other.unity
  artifactKey: Guid(d19b3a1f9594dd545a0265bbfcb12d2d) Importer(815301076,1909f56bfc062723c751e8b465ee728b)
Start importing Assets/Script/Other/Other.unity using Guid(d19b3a1f9594dd545a0265bbfcb12d2d) Importer(815301076,1909f56bfc062723c751e8b465ee728b)  -> (artifact id: '2b0146816ac0d3182e3da816863468a6') in 0.002977 seconds 
========================================================================
Received Prepare
Registering precompiled user dll's ...
Registered in 0.004068 seconds.
Begin MonoManager ReloadAssembly
Symbol file LoadedFromMemory doesn't match image C:\Users\Remy\Documents\GitHub\SimpleScripts\SimpleScripts\Library\PackageCache\com.unity.collab-proxy@1.15.15\Lib\Editor\PlasticSCM\unityplastic.dll
Native extension for WindowsStandalone target not found
Refreshing native plugins compatible for Editor in 0.35 ms, found 2 plugins.
Preloading 0 native plugins for Editor in 0.00 ms.
Mono: successfully reloaded assembly
- Completed reload, in  0.887 seconds
Domain Reload Profiling:
	ReloadAssembly (887ms)
		BeginReloadAssembly (105ms)
			ExecutionOrderSort (0ms)
			DisableScriptedObjects (4ms)
			BackupInstance (0ms)
			ReleaseScriptingObjects (0ms)
			CreateAndSetChildDomain (30ms)
		EndReloadAssembly (725ms)
			LoadAssemblies (92ms)
			RebuildTransferFunctionScriptingTraits (0ms)
			SetupTypeCache (250ms)
			ReleaseScriptCaches (1ms)
			RebuildScriptCaches (35ms)
			SetupLoadedEditorAssemblies (262ms)
				LogAssemblyErrors (0ms)
				InitializePlatformSupportModulesInManaged (4ms)
				SetLoadedEditorAssemblies (0ms)
				RefreshPlugins (0ms)
				BeforeProcessingInitializeOnLoad (69ms)
				ProcessInitializeOnLoadAttributes (176ms)
				ProcessInitializeOnLoadMethodAttributes (9ms)
				AfterProcessingInitializeOnLoad (3ms)
				EditorAssembliesLoaded (0ms)
			ExecutionOrderSort2 (0ms)
			AwakeInstancesAfterBackupRestoration (6ms)
Platform modules already initialized, skipping
Refreshing native plugins compatible for Editor in 0.36 ms, found 2 plugins.
Preloading 0 native plugins for Editor in 0.00 ms.
Unloading 1519 Unused Serialized files (Serialized files now loaded: 0)
System memory in use before: 73.4 MB.
System memory in use after: 73.5 MB.

Unloading 13 unused Assets to reduce memory usage. Loaded Objects now: 1979.
Total: 2.605000 ms (FindLiveObjects: 0.133200 ms CreateObjectMapping: 0.034100 ms MarkObjects: 2.394200 ms  DeleteObjects: 0.042700 ms)

AssetImportParameters requested are different than current active one (requested -> active):
  custom:framework-win-MediaFoundation: 216162199b28c13a410421893ffa2e32 -> 
  custom:video-decoder-ogg-theora: a1e56fd34408186e4bbccfd4996cb3dc -> 
  custom:container-muxer-webm: aa71ff27fc2769a1b78a27578f13a17b -> 
  custom:container-demuxer-webm: 4f35f7cbe854078d1ac9338744f61a02 -> 
  custom:container-demuxer-ogg: 62fdf1f143b41e24485cea50d1cbac27 -> 
  custom:video-encoder-webm-vp8: eb34c28f22e8b96e1ab97ce403110664 -> 
  custom:video-decoder-webm-vp8: 9c59270c3fd7afecdb556c50c9e8de78 -> 
  custom:audio-decoder-ogg-vorbis: bf7c407c2cedff20999df2af8eb42d56 -> 
  custom:audio-encoder-webm-vorbis: bf7c407c2cedff20999df2af8eb42d56 -> 
========================================================================
Received Import Request.
  Time since last request: 42.356125 seconds.
  path: Assets/Script/SimpleControleurdevoiture{Francais}
  artifactKey: Guid(570095e2b035ec3419f1a89f6b0e20a4) Importer(815301076,1909f56bfc062723c751e8b465ee728b)
Start importing Assets/Script/SimpleControleurdevoiture{Francais} using Guid(570095e2b035ec3419f1a89f6b0e20a4) Importer(815301076,1909f56bfc062723c751e8b465ee728b)  -> (artifact id: '7f31e6f3971c0d2ba98bfbe835857dc8') in 0.006187 seconds 
========================================================================
Received Import Request.
  Time since last request: 0.758055 seconds.
  path: Assets/Script/SimpleControleurdevoiture{Francais}/Mesh
  artifactKey: Guid(cdffe33b014cab1429733a423613584e) Importer(815301076,1909f56bfc062723c751e8b465ee728b)
Start importing Assets/Script/SimpleControleurdevoiture{Francais}/Mesh using Guid(cdffe33b014cab1429733a423613584e) Importer(815301076,1909f56bfc062723c751e8b465ee728b)  -> (artifact id: '6809ea2a6568ebca4b16b6bf80346a0d') in 0.003139 seconds 
========================================================================
Received Import Request.
  Time since last request: 0.514346 seconds.
  path: Assets/Script/SimpleControleurdevoiture{Francais}/SimpleControleurDeVoiture.unity
  artifactKey: Guid(078de1385f29dae4781957d9380ccced) Importer(815301076,1909f56bfc062723c751e8b465ee728b)
Start importing Assets/Script/SimpleControleurdevoiture{Francais}/SimpleControleurDeVoiture.unity using Guid(078de1385f29dae4781957d9380ccced) Importer(815301076,1909f56bfc062723c751e8b465ee728b)  -> (artifact id: '66fb68f13d9f6bae02fb9ef9511a5051') in 0.002994 seconds 
========================================================================
Received Import Request.
  Time since last request: 44.132335 seconds.
  path: Assets/Script/SimpleControleurdevoiture{Francais}/CameraDeVoiture.cs
  artifactKey: Guid(22e03d11f31d8f84f9dd7f5f713cb0af) Importer(815301076,1909f56bfc062723c751e8b465ee728b)
Start importing Assets/Script/SimpleControleurdevoiture{Francais}/CameraDeVoiture.cs using Guid(22e03d11f31d8f84f9dd7f5f713cb0af) Importer(815301076,1909f56bfc062723c751e8b465ee728b)  -> (artifact id: 'dfa425059906dc5854b71f63112d3517') in 0.009485 seconds 
========================================================================
Received Import Request.
  Time since last request: 1.087817 seconds.
  path: Assets/Script/SimpleControleurdevoiture{Francais}/Mesh/Body.fbx
  artifactKey: Guid(bf3d180127a9c884cb44d9f7ce17c19e) Importer(815301076,1909f56bfc062723c751e8b465ee728b)
Start importing Assets/Script/SimpleControleurdevoiture{Francais}/Mesh/Body.fbx using Guid(bf3d180127a9c884cb44d9f7ce17c19e) Importer(815301076,1909f56bfc062723c751e8b465ee728b)  -> (artifact id: 'dfc272b2a12d2cfdddf531b48884374f') in 0.128701 seconds 
========================================================================
Received Import Request.
  Time since last request: 0.500793 seconds.
  path: Assets/Script/SimpleControleurdevoiture{Francais}/Mesh/Meshes.fbx
  artifactKey: Guid(778c632b7ca5a3643a6fe0f83309cd0f) Importer(815301076,1909f56bfc062723c751e8b465ee728b)
Start importing Assets/Script/SimpleControleurdevoiture{Francais}/Mesh/Meshes.fbx using Guid(778c632b7ca5a3643a6fe0f83309cd0f) Importer(815301076,1909f56bfc062723c751e8b465ee728b)  -> (artifact id: '06b1819ca8a41dab6daa43831e5f0444') in 0.060504 seconds 
========================================================================
Received Import Request.
  Time since last request: 9.411323 seconds.
  path: Assets/Script/SimpleControleurFPS{Francais}
  artifactKey: Guid(f7dee69b6e2b00c41abc6235729f00e3) Importer(815301076,1909f56bfc062723c751e8b465ee728b)
Start importing Assets/Script/SimpleControleurFPS{Francais} using Guid(f7dee69b6e2b00c41abc6235729f00e3) Importer(815301076,1909f56bfc062723c751e8b465ee728b)  -> (artifact id: 'c092615373d40becee53bb27bad8425a') in 0.003032 seconds 
========================================================================
Received Import Request.
  Time since last request: 0.930698 seconds.
  path: Assets/Script/SimpleControleurFPS{Francais}/SimpleControleurFPS.unity
  artifactKey: Guid(9fc0d4010bbf28b4594072e72b8655ab) Importer(815301076,1909f56bfc062723c751e8b465ee728b)
Start importing Assets/Script/SimpleControleurFPS{Francais}/SimpleControleurFPS.unity using Guid(9fc0d4010bbf28b4594072e72b8655ab) Importer(815301076,1909f56bfc062723c751e8b465ee728b)  -> (artifact id: 'abdb7aea431960c8d1a831634d2d56bf') in 0.003057 seconds 
========================================================================
Received Prepare
Registering precompiled user dll's ...
Registered in 0.004099 seconds.
Begin MonoManager ReloadAssembly
Symbol file LoadedFromMemory doesn't match image C:\Users\Remy\Documents\GitHub\SimpleScripts\SimpleScripts\Library\PackageCache\com.unity.collab-proxy@1.15.15\Lib\Editor\PlasticSCM\unityplastic.dll
Native extension for WindowsStandalone target not found
Refreshing native plugins compatible for Editor in 0.36 ms, found 2 plugins.
Preloading 0 native plugins for Editor in 0.00 ms.
Mono: successfully reloaded assembly
- Completed reload, in  0.885 seconds
Domain Reload Profiling:
	ReloadAssembly (886ms)
		BeginReloadAssembly (105ms)
			ExecutionOrderSort (0ms)
			DisableScriptedObjects (4ms)
			BackupInstance (0ms)
			ReleaseScriptingObjects (0ms)
			CreateAndSetChildDomain (29ms)
		EndReloadAssembly (723ms)
			LoadAssemblies (93ms)
			RebuildTransferFunctionScriptingTraits (0ms)
			SetupTypeCache (248ms)
			ReleaseScriptCaches (1ms)
			RebuildScriptCaches (35ms)
			SetupLoadedEditorAssemblies (261ms)
				LogAssemblyErrors (0ms)
				InitializePlatformSupportModulesInManaged (4ms)
				SetLoadedEditorAssemblies (0ms)
				RefreshPlugins (0ms)
				BeforeProcessingInitializeOnLoad (68ms)
				ProcessInitializeOnLoadAttributes (177ms)
				ProcessInitializeOnLoadMethodAttributes (9ms)
				AfterProcessingInitializeOnLoad (3ms)
				EditorAssembliesLoaded (0ms)
			ExecutionOrderSort2 (0ms)
			AwakeInstancesAfterBackupRestoration (6ms)
Platform modules already initialized, skipping
Refreshing native plugins compatible for Editor in 0.35 ms, found 2 plugins.
Preloading 0 native plugins for Editor in 0.00 ms.
Unloading 1519 Unused Serialized files (Serialized files now loaded: 0)
System memory in use before: 73.8 MB.
System memory in use after: 73.9 MB.

Unloading 12 unused Assets to reduce memory usage. Loaded Objects now: 2019.
Total: 2.631600 ms (FindLiveObjects: 0.136100 ms CreateObjectMapping: 0.034200 ms MarkObjects: 2.436500 ms  DeleteObjects: 0.023800 ms)

AssetImportParameters requested are different than current active one (requested -> active):
  custom:framework-win-MediaFoundation: 216162199b28c13a410421893ffa2e32 -> 
  custom:video-decoder-ogg-theora: a1e56fd34408186e4bbccfd4996cb3dc -> 
  custom:container-muxer-webm: aa71ff27fc2769a1b78a27578f13a17b -> 
  custom:container-demuxer-webm: 4f35f7cbe854078d1ac9338744f61a02 -> 
  custom:container-demuxer-ogg: 62fdf1f143b41e24485cea50d1cbac27 -> 
  custom:video-encoder-webm-vp8: eb34c28f22e8b96e1ab97ce403110664 -> 
  custom:video-decoder-webm-vp8: 9c59270c3fd7afecdb556c50c9e8de78 -> 
  custom:audio-decoder-ogg-vorbis: bf7c407c2cedff20999df2af8eb42d56 -> 
  custom:audio-encoder-webm-vorbis: bf7c407c2cedff20999df2af8eb42d56 -> 
========================================================================
Received Import Request.
  Time since last request: 43.131083 seconds.
  path: Assets/Script/SimpleRootMotionController
  artifactKey: Guid(0a86839195853a043817c50737dacdb8) Importer(815301076,1909f56bfc062723c751e8b465ee728b)
Start importing Assets/Script/SimpleRootMotionController using Guid(0a86839195853a043817c50737dacdb8) Importer(815301076,1909f56bfc062723c751e8b465ee728b)  -> (artifact id: 'f26df9fb98fa14303dd45306db4f40d7') in 0.005714 seconds 
========================================================================
Received Import Request.
  Time since last request: 1.527550 seconds.
  path: Assets/Script/SimpleRootMotionController/Scene
  artifactKey: Guid(4eba1d91cb6595c4eb7c68603286cc7a) Importer(815301076,1909f56bfc062723c751e8b465ee728b)
Start importing Assets/Script/SimpleRootMotionController/Scene using Guid(4eba1d91cb6595c4eb7c68603286cc7a) Importer(815301076,1909f56bfc062723c751e8b465ee728b)  -> (artifact id: '03144183299e1bf5356921d175b94e22') in 0.002943 seconds 
========================================================================
Received Import Request.
  Time since last request: 0.761872 seconds.
  path: Assets/Script/SimpleRootMotionController/Scene/SimpleRootMotionController.unity
  artifactKey: Guid(c8712b7e8ae188045b0d7c31c42246af) Importer(815301076,1909f56bfc062723c751e8b465ee728b)
Start importing Assets/Script/SimpleRootMotionController/Scene/SimpleRootMotionController.unity using Guid(c8712b7e8ae188045b0d7c31c42246af) Importer(815301076,1909f56bfc062723c751e8b465ee728b)  -> (artifact id: '503e44d677df9cc9a0c2c954bf847125') in 0.003396 seconds 
========================================================================
Received Prepare
Registering precompiled user dll's ...
Registered in 0.003998 seconds.
Begin MonoManager ReloadAssembly
Symbol file LoadedFromMemory doesn't match image C:\Users\Remy\Documents\GitHub\SimpleScripts\SimpleScripts\Library\PackageCache\com.unity.collab-proxy@1.15.15\Lib\Editor\PlasticSCM\unityplastic.dll
Native extension for WindowsStandalone target not found
Refreshing native plugins compatible for Editor in 0.35 ms, found 2 plugins.
Preloading 0 native plugins for Editor in 0.00 ms.
Mono: successfully reloaded assembly
- Completed reload, in  0.879 seconds
Domain Reload Profiling:
	ReloadAssembly (880ms)
		BeginReloadAssembly (103ms)
			ExecutionOrderSort (0ms)
			DisableScriptedObjects (4ms)
			BackupInstance (0ms)
			ReleaseScriptingObjects (0ms)
			CreateAndSetChildDomain (27ms)
		EndReloadAssembly (719ms)
			LoadAssemblies (93ms)
			RebuildTransferFunctionScriptingTraits (0ms)
			SetupTypeCache (245ms)
			ReleaseScriptCaches (1ms)
			RebuildScriptCaches (37ms)
			SetupLoadedEditorAssemblies (263ms)
				LogAssemblyErrors (0ms)
				InitializePlatformSupportModulesInManaged (4ms)
				SetLoadedEditorAssemblies (0ms)
				RefreshPlugins (0ms)
				BeforeProcessingInitializeOnLoad (69ms)
				ProcessInitializeOnLoadAttributes (178ms)
				ProcessInitializeOnLoadMethodAttributes (9ms)
				AfterProcessingInitializeOnLoad (3ms)
				EditorAssembliesLoaded (0ms)
			ExecutionOrderSort2 (0ms)
			AwakeInstancesAfterBackupRestoration (7ms)
Platform modules already initialized, skipping
Refreshing native plugins compatible for Editor in 0.35 ms, found 2 plugins.
Preloading 0 native plugins for Editor in 0.00 ms.
Unloading 1519 Unused Serialized files (Serialized files now loaded: 0)
System memory in use before: 73.8 MB.
System memory in use after: 73.9 MB.

Unloading 11 unused Assets to reduce memory usage. Loaded Objects now: 2022.
Total: 2.611500 ms (FindLiveObjects: 0.139800 ms CreateObjectMapping: 0.034900 ms MarkObjects: 2.413600 ms  DeleteObjects: 0.022400 ms)

AssetImportParameters requested are different than current active one (requested -> active):
  custom:framework-win-MediaFoundation: 216162199b28c13a410421893ffa2e32 -> 
  custom:video-decoder-ogg-theora: a1e56fd34408186e4bbccfd4996cb3dc -> 
  custom:container-muxer-webm: aa71ff27fc2769a1b78a27578f13a17b -> 
  custom:container-demuxer-webm: 4f35f7cbe854078d1ac9338744f61a02 -> 
  custom:container-demuxer-ogg: 62fdf1f143b41e24485cea50d1cbac27 -> 
  custom:video-encoder-webm-vp8: eb34c28f22e8b96e1ab97ce403110664 -> 
  custom:video-decoder-webm-vp8: 9c59270c3fd7afecdb556c50c9e8de78 -> 
  custom:audio-decoder-ogg-vorbis: bf7c407c2cedff20999df2af8eb42d56 -> 
  custom:audio-encoder-webm-vorbis: bf7c407c2cedff20999df2af8eb42d56 -> 
AssetImportWorkerClient::OnTransportError - code=2 error=End of file
